<?xml version="1.0" encoding="UTF-8"?>
<!-- Generated by org.testng.reporters.JUnitReportReporter -->
<testsuite hostname="DESKTOP-QNMN576" failures="0" tests="1" name="seleniumConcepts.miscellaneousTopics.ValidateSuccessfulLoginTrroughAssertion" time="5.989" errors="0" timestamp="2022-09-11T12:26:08 IST" skipped="0">
  <testcase classname="seleniumConcepts.miscellaneousTopics.ValidateSuccessfulLoginTrroughAssertion" name="codepenAppTest" time="5.989"/>
  <system-out/>
</testsuite> <!-- seleniumConcepts.miscellaneousTopics.ValidateSuccessfulLoginTrroughAssertion -->
