<?xml version="1.0" encoding="UTF-8"?>
<!-- Generated by org.testng.reporters.JUnitReportReporter -->
<testsuite hostname="DESKTOP-QNMN576" failures="0" tests="1" name="seleniumConcepts.ajaxCallsChildWindowsIFrame.WindowHandleDemo" time="15.531" errors="0" timestamp="2022-09-09T07:35:30 IST" skipped="0">
  <testcase classname="seleniumConcepts.ajaxCallsChildWindowsIFrame.WindowHandleDemo" name="academyTest" time="15.531"/>
  <system-out/>
</testsuite> <!-- seleniumConcepts.ajaxCallsChildWindowsIFrame.WindowHandleDemo -->
