<?xml version="1.0" encoding="UTF-8"?>
<!-- Generated by org.testng.reporters.JUnitReportReporter -->
<testsuite hostname="DESKTOP-QNMN576" failures="0" tests="1" name="seleniumConcepts.ajaxCallsChildWindowsIFrame.actionDemo" time="4.558" errors="0" timestamp="2022-09-09T04:22:35 IST" skipped="0">
  <testcase classname="seleniumConcepts.ajaxCallsChildWindowsIFrame.actionDemo" name="amazonTest" time="4.558"/>
  <system-out/>
</testsuite> <!-- seleniumConcepts.ajaxCallsChildWindowsIFrame.actionDemo -->
