<?xml version="1.0" encoding="UTF-8"?>
<!-- Generated by org.testng.reporters.JUnitReportReporter -->
<testsuite hostname="DESKTOP-QNMN576" failures="0" tests="1" name="seleniumConcepts.dynamicWebTable.JavaScriotExecutorConcept" time="13.426" errors="0" timestamp="2022-09-09T20:50:54 IST" skipped="0">
  <testcase classname="seleniumConcepts.dynamicWebTable.JavaScriotExecutorConcept" name="dynamicWebTableTest" time="13.426"/>
  <system-out/>
</testsuite> <!-- seleniumConcepts.dynamicWebTable.JavaScriotExecutorConcept -->
