<?xml version="1.0" encoding="UTF-8"?>
<!-- Generated by org.testng.reporters.JUnitReportReporter -->
<testsuite hostname="DESKTOP-QNMN576" failures="0" tests="1" name="seleniumConcepts.locatorsPractice.XpathAxes" time="4.082" errors="0" timestamp="2022-09-15T10:34:57 IST" skipped="0">
  <testcase classname="seleniumConcepts.locatorsPractice.XpathAxes" name="xpathAxesTest" time="4.082"/>
  <system-out/>
</testsuite> <!-- seleniumConcepts.locatorsPractice.XpathAxes -->
