<?xml version="1.0" encoding="UTF-8"?>
<!-- Generated by org.testng.reporters.JUnitReportReporter -->
<testsuite hostname="DESKTOP-QNMN576" failures="0" tests="1" name="seleniumConcepts.dynamicWebTable.DynamicTableAssignment" time="9.973" errors="0" timestamp="2022-09-10T09:46:45 IST" skipped="0">
  <testcase classname="seleniumConcepts.dynamicWebTable.DynamicTableAssignment" name="dynamicWebTableTest" time="9.973"/>
  <system-out/>
</testsuite> <!-- seleniumConcepts.dynamicWebTable.DynamicTableAssignment -->
