<?xml version="1.0" encoding="UTF-8"?>
<!-- Generated by org.testng.reporters.JUnitReportReporter -->
<testsuite hostname="DESKTOP-QNMN576" failures="0" tests="1" name="seleniumConcepts.javaStreamsLamdaExpression.WebtableSortingUsingStream" time="3.913" errors="0" timestamp="2022-09-12T13:52:04 IST" skipped="0">
  <testcase classname="seleniumConcepts.javaStreamsLamdaExpression.WebtableSortingUsingStream" name="webtableSortingTest" time="3.913"/>
  <system-out/>
</testsuite> <!-- seleniumConcepts.javaStreamsLamdaExpression.WebtableSortingUsingStream -->
