<?xml version="1.0" encoding="UTF-8"?>
<!-- Generated by org.testng.reporters.JUnitReportReporter -->
<testsuite hostname="DESKTOP-QNMN576" failures="0" tests="1" name="seleniumConcepts.ajaxCallsChildWindowsIFrame.WindowHandleDemo2" time="10.700" errors="0" timestamp="2022-09-09T07:38:39 IST" skipped="0">
  <testcase classname="seleniumConcepts.ajaxCallsChildWindowsIFrame.WindowHandleDemo2" name="academyTest" time="10.700"/>
  <system-out/>
</testsuite> <!-- seleniumConcepts.ajaxCallsChildWindowsIFrame.WindowHandleDemo2 -->
