<?xml version="1.0" encoding="UTF-8"?>
<!-- Generated by org.testng.reporters.JUnitReportReporter -->
<testsuite hostname="DESKTOP-QNMN576" failures="0" tests="1" name="seleniumConcepts.locatorsPractice.LocatorsBasedOnRegularExpression" time="7.224" errors="0" timestamp="2022-09-11T09:00:07 IST" skipped="0">
  <testcase classname="seleniumConcepts.locatorsPractice.LocatorsBasedOnRegularExpression" name="codepenAppTest" time="7.224"/>
  <system-out/>
</testsuite> <!-- seleniumConcepts.locatorsPractice.LocatorsBasedOnRegularExpression -->
