<?xml version="1.0" encoding="UTF-8"?>
<!-- Generated by org.testng.reporters.JUnitReportReporter -->
<testsuite hostname="DESKTOP-QNMN576" failures="0" tests="1" name="seleniumConcepts.javaStreamsLamdaExpression.FetchWebTablePriceUsingStream" time="4.262" errors="0" timestamp="2022-09-12T16:45:20 IST" skipped="0">
  <testcase classname="seleniumConcepts.javaStreamsLamdaExpression.FetchWebTablePriceUsingStream" name="webtablePriceFetchtest" time="4.262"/>
  <system-out/>
</testsuite> <!-- seleniumConcepts.javaStreamsLamdaExpression.FetchWebTablePriceUsingStream -->
