<?xml version="1.0" encoding="UTF-8"?>
<!-- Generated by org.testng.reporters.JUnitReportReporter -->
<testsuite hostname="DESKTOP-QNMN576" failures="0" tests="1" name="seleniumConcepts.locatorsPractice.ElementNotInteractableExceptionConcept" time="7.038" errors="0" timestamp="2022-09-11T10:37:26 IST" skipped="0">
  <testcase classname="seleniumConcepts.locatorsPractice.ElementNotInteractableExceptionConcept" name="codepenAppTest" time="7.038"/>
  <system-out/>
</testsuite> <!-- seleniumConcepts.locatorsPractice.ElementNotInteractableExceptionConcept -->
