<?xml version="1.0" encoding="UTF-8"?>
<!-- Generated by org.testng.reporters.JUnitReportReporter -->
<testsuite hostname="DESKTOP-QNMN576" failures="0" tests="1" name="seleniumConcepts.miscellaneousTopics.ColorCodeVerification" time="2.681" errors="0" timestamp="2022-09-10T11:20:54 IST" skipped="0">
  <testcase classname="seleniumConcepts.miscellaneousTopics.ColorCodeVerification" name="verifyButtonColorTest" time="2.681"/>
  <system-out/>
</testsuite> <!-- seleniumConcepts.miscellaneousTopics.ColorCodeVerification -->
