<?xml version="1.0" encoding="UTF-8"?>
<!-- Generated by org.testng.reporters.JUnitReportReporter -->
<testsuite hostname="DESKTOP-QNMN576" failures="0" tests="6" name="seleniumConcepts.throughJSExecutor.JavaScriptExecutorDemo" time="78.020" errors="0" timestamp="2022-09-12T23:22:08 IST" skipped="0">
  <testcase classname="seleniumConcepts.throughJSExecutor.JavaScriptExecutorDemo" name="flashingAnElementTest" time="11.365"/>
  <system-out/>
  <testcase classname="seleniumConcepts.throughJSExecutor.JavaScriptExecutorDemo" name="drawBorderAroundElementTest" time="12.247"/>
  <system-out/>
  <testcase classname="seleniumConcepts.throughJSExecutor.JavaScriptExecutorDemo" name="getTitleTest" time="8.302"/>
  <system-out/>
  <testcase classname="seleniumConcepts.throughJSExecutor.JavaScriptExecutorDemo" name="clickElementtTest" time="18.169"/>
  <system-out/>
  <testcase classname="seleniumConcepts.throughJSExecutor.JavaScriptExecutorDemo" name="refreshPageTest" time="8.948"/>
  <system-out/>
  <testcase classname="seleniumConcepts.throughJSExecutor.JavaScriptExecutorDemo" name="scrollDownPageTest" time="18.989"/>
  <system-out/>
</testsuite> <!-- seleniumConcepts.throughJSExecutor.JavaScriptExecutorDemo -->
