<?xml version="1.0" encoding="UTF-8"?>
<!-- Generated by org.testng.reporters.JUnitReportReporter -->
<testsuite hostname="DESKTOP-QNMN576" failures="0" tests="1" name="seleniumConcepts.dynamicWebTable.HandleDynamicWebTable" time="12.130" errors="0" timestamp="2022-09-09T21:31:13 IST" skipped="0">
  <testcase classname="seleniumConcepts.dynamicWebTable.HandleDynamicWebTable" name="dynamicWebTableTest" time="12.130"/>
  <system-out/>
</testsuite> <!-- seleniumConcepts.dynamicWebTable.HandleDynamicWebTable -->
