<?xml version="1.0" encoding="UTF-8"?>
<!-- Generated by org.testng.reporters.JUnitReportReporter -->
<testsuite hostname="DESKTOP-QNMN576" failures="0" tests="2" name="seleniumConcepts.miscellaneousTopics.validateAcceptAllCookies" time="18.325" errors="0" timestamp="2022-09-14T16:34:43 IST" skipped="0">
  <testcase classname="seleniumConcepts.miscellaneousTopics.validateAcceptAllCookies" name="validateAcceptAllCookiesTest" time="10.431"/>
  <system-out/>
  <testcase classname="seleniumConcepts.miscellaneousTopics.validateAcceptAllCookies" name="flashTest" time="7.894"/>
  <system-out/>
</testsuite> <!-- seleniumConcepts.miscellaneousTopics.validateAcceptAllCookies -->
