<?xml version="1.0" encoding="UTF-8"?>
<!-- Generated by org.testng.reporters.JUnitReportReporter -->
<testsuite hostname="DESKTOP-QNMN576" failures="0" tests="1" name="seleniumConcepts.ajaxCallsChildWindowsIFrame.ContextClick" time="16.282" errors="0" timestamp="2022-09-09T06:41:15 IST" skipped="0">
  <testcase classname="seleniumConcepts.ajaxCallsChildWindowsIFrame.ContextClick" name="amazonTest" time="16.282"/>
  <system-out/>
</testsuite> <!-- seleniumConcepts.ajaxCallsChildWindowsIFrame.ContextClick -->
