<?xml version="1.0" encoding="UTF-8"?>
<!-- Generated by org.testng.reporters.JUnitReportReporter -->
<testsuite hostname="DESKTOP-QNMN576" failures="0" tests="1" name="seleniumConcepts.ajaxCallsChildWindowsIFrame.HandleFrames" time="5.575" errors="0" timestamp="2022-09-09T10:38:54 IST" skipped="0">
  <testcase classname="seleniumConcepts.ajaxCallsChildWindowsIFrame.HandleFrames" name="dragAndDropTest" time="5.575"/>
  <system-out/>
</testsuite> <!-- seleniumConcepts.ajaxCallsChildWindowsIFrame.HandleFrames -->
