<?xml version="1.0" encoding="UTF-8"?>
<!-- Generated by org.testng.reporters.JUnitReportReporter -->
<testsuite hostname="DESKTOP-QNMN576" failures="0" tests="3" name="seleniumConcepts.dataDrivenTestUsingJSON.DDTUsingJSON" time="3.557" errors="0" timestamp="2022-09-15T04:25:58 IST" skipped="0">
  <testcase classname="seleniumConcepts.dataDrivenTestUsingJSON.DDTUsingJSON" name="loginTest" time="1.099"/>
  <system-out/>
  <testcase classname="seleniumConcepts.dataDrivenTestUsingJSON.DDTUsingJSON" name="loginTest" time="1.346"/>
  <system-out/>
  <testcase classname="seleniumConcepts.dataDrivenTestUsingJSON.DDTUsingJSON" name="loginTest" time="1.112"/>
  <system-out/>
</testsuite> <!-- seleniumConcepts.dataDrivenTestUsingJSON.DDTUsingJSON -->
