<?xml version="1.0" encoding="UTF-8"?>
<!-- Generated by org.testng.reporters.JUnitReportReporter -->
<testsuite hostname="DESKTOP-QNMN576" failures="0" tests="1" name="seleniumConcepts.miscellaneousTopics.TooltipTest" time="9.097" errors="0" timestamp="2022-09-13T13:17:55 IST" skipped="0">
  <testcase classname="seleniumConcepts.miscellaneousTopics.TooltipTest" name="verifyTooltipTest" time="9.097"/>
  <system-out/>
</testsuite> <!-- seleniumConcepts.miscellaneousTopics.TooltipTest -->
