<?xml version="1.0" encoding="UTF-8"?>
<!-- Generated by org.testng.reporters.JUnitReportReporter -->
<testsuite hostname="DESKTOP-QNMN576" failures="0" tests="1" name="seleniumConcepts.ecommerseSite.AddToCartTest" time="8.220" errors="0" timestamp="2022-09-11T18:09:36 IST" skipped="0">
  <testcase classname="seleniumConcepts.ecommerseSite.AddToCartTest" name="codepenAppTest" time="8.220"/>
  <system-out/>
</testsuite> <!-- seleniumConcepts.ecommerseSite.AddToCartTest -->
