<?xml version="1.0" encoding="UTF-8"?>
<!-- Generated by org.testng.reporters.JUnitReportReporter -->
<testsuite hostname="DESKTOP-QNMN576" failures="0" tests="1" name="seleniumConcepts.miscellaneousTopics.TraverseForwardAndBackward" time="8.277" errors="0" timestamp="2022-09-11T14:47:51 IST" skipped="0">
  <testcase classname="seleniumConcepts.miscellaneousTopics.TraverseForwardAndBackward" name="codepenAppTest" time="8.277"/>
  <system-out/>
</testsuite> <!-- seleniumConcepts.miscellaneousTopics.TraverseForwardAndBackward -->
