<?xml version="1.0" encoding="UTF-8"?>
<!-- Generated by org.testng.reporters.JUnitReportReporter -->
<testsuite hostname="DESKTOP-QNMN576" failures="0" tests="1" name="seleniumConcepts.locatorsPractice.LocatorUsingFollowingSiblingConcept" time="6.646" errors="0" timestamp="2022-09-11T14:24:27 IST" skipped="0">
  <testcase classname="seleniumConcepts.locatorsPractice.LocatorUsingFollowingSiblingConcept" name="followingSibLing" time="6.646"/>
  <system-out/>
</testsuite> <!-- seleniumConcepts.locatorsPractice.LocatorUsingFollowingSiblingConcept -->
