<?xml version="1.0" encoding="UTF-8"?>
<!-- Generated by org.testng.reporters.JUnitReportReporter -->
<testsuite hostname="DESKTOP-QNMN576" failures="0" tests="1" name="seleniumConcepts.miscellaneousTopics.ValidateIfUIElementsEnabledOrDisabledUsingAttributes" time="10.824" errors="0" timestamp="2022-09-11T21:05:08 IST" skipped="0">
  <testcase classname="seleniumConcepts.miscellaneousTopics.ValidateIfUIElementsEnabledOrDisabledUsingAttributes" name="validateElementEnabledOrDisabled" time="10.824"/>
  <system-out/>
</testsuite> <!-- seleniumConcepts.miscellaneousTopics.ValidateIfUIElementsEnabledOrDisabledUsingAttributes -->
